<?xml version="1.0" encoding="UTF-8"?>
<!-- Generated by org.testng.reporters.JUnitXMLReporter -->
<testsuite ignored="0" hostname="vm-lab59-11-354" failures="5" tests="6" name="Test_CRUD" time="9.036" errors="0" timestamp="2024-08-07T11:15:22 UTC">
  <testcase classname="apitestcases.CreateWithNullDataTests" name="createEmployeeWithNullValues" time="3.085"/>
  <testcase classname="apitestcases.GetEmployeeTests" name="getAllEmployeeData" time="1.504">
    <failure type="java.lang.AssertionError" message="expected [200] but found [429]">
      <![CDATA[java.lang.AssertionError: expected [200] but found [429]
at apitestcases.GetEmployeeTests.getAllEmployeeData(GetEmployeeTests.java:44)
at java.base/java.util.ArrayList.forEach(ArrayList.java:1511)
... Removed 34 stack frames]]>
    </failure>
  </testcase> <!-- getAllEmployeeData -->
  <testcase classname="apitestcases.GetEmployeeTests" name="fetchSpecificEmployeeByID" time="2.123">
    <failure type="java.lang.ClassCastException" message="class io.restassured.path.xml.XmlPath cannot be cast to class java.lang.Integer (io.restassured.path.xml.XmlPath is in unnamed module of loader &amp;apos;app&amp;apos;; java.lang.Integer is in module java.base of loader &amp;apos;bootstrap&amp;apos;)">
      <![CDATA[java.lang.ClassCastException: class io.restassured.path.xml.XmlPath cannot be cast to class java.lang.Integer (io.restassured.path.xml.XmlPath is in unnamed module of loader 'app'; java.lang.Integer is in module java.base of loader 'bootstrap')
at apitestcases.GetEmployeeTests.fetchSpecificEmployeeByID(GetEmployeeTests.java:70)
at java.base/java.util.ArrayList.forEach(ArrayList.java:1511)
... Removed 27 stack frames]]>
    </failure>
  </testcase> <!-- fetchSpecificEmployeeByID -->
  <testcase classname="apitestcases.CreatePutDeleteTests" name="createNewEmployee" time="1.515">
    <failure type="java.lang.ClassCastException" message="class io.restassured.path.xml.XmlPath cannot be cast to class java.lang.Integer (io.restassured.path.xml.XmlPath is in unnamed module of loader &amp;apos;app&amp;apos;; java.lang.Integer is in module java.base of loader &amp;apos;bootstrap&amp;apos;)">
      <![CDATA[java.lang.ClassCastException: class io.restassured.path.xml.XmlPath cannot be cast to class java.lang.Integer (io.restassured.path.xml.XmlPath is in unnamed module of loader 'app'; java.lang.Integer is in module java.base of loader 'bootstrap')
at apitestcases.CreatePutDeleteTests.createNewEmployee(CreatePutDeleteTests.java:70)
at java.base/java.util.ArrayList.forEach(ArrayList.java:1511)
... Removed 27 stack frames]]>
    </failure>
  </testcase> <!-- createNewEmployee -->
  <testcase classname="apitestcases.CreatePutDeleteTests" name="updateEmployeeByID" time="0.005">
    <failure type="java.lang.IllegalArgumentException" message="parameterValue cannot be null">
      <![CDATA[java.lang.IllegalArgumentException: parameterValue cannot be null
at org.codehaus.groovy.runtime.callsite.ConstructorSite$ConstructorSiteNoUnwrap.callConstructor(ConstructorSite.java:86)
at org.codehaus.groovy.runtime.callsite.CallSiteArray.defaultCallConstructor(CallSiteArray.java:57)
at org.codehaus.groovy.runtime.callsite.AbstractCallSite.callConstructor(AbstractCallSite.java:263)
at org.codehaus.groovy.runtime.callsite.AbstractCallSite.callConstructor(AbstractCallSite.java:277)
at io.restassured.internal.common.assertion.AssertParameter.notNull(AssertParameter.groovy:26)
at io.restassured.internal.common.assertion.AssertParameter$notNull.callStatic(Unknown Source)
at org.codehaus.groovy.runtime.callsite.CallSiteArray.defaultCallStatic(CallSiteArray.java:53)
at io.restassured.internal.common.assertion.AssertParameter$notNull.callStatic(Unknown Source)
at io.restassured.internal.RequestSpecificationImpl.pathParam(RequestSpecificationImpl.groovy:515)
at endpoints.UserEndPoints.updateEmployee(UserEndPoints.java:71)
at apitestcases.CreatePutDeleteTests.updateEmployeeByID(CreatePutDeleteTests.java:107)
at java.base/java.util.ArrayList.forEach(ArrayList.java:1511)
... Removed 34 stack frames]]>
    </failure>
  </testcase> <!-- updateEmployeeByID -->
  <testcase classname="apitestcases.CreatePutDeleteTests" name="verifyDeleteEmployeeByID" time="0.002">
    <failure type="java.lang.IllegalArgumentException" message="parameterValue cannot be null">
      <![CDATA[java.lang.IllegalArgumentException: parameterValue cannot be null
at org.codehaus.groovy.runtime.callsite.ConstructorSite$ConstructorSiteNoUnwrap.callConstructor(ConstructorSite.java:86)
at org.codehaus.groovy.runtime.callsite.AbstractCallSite.callConstructor(AbstractCallSite.java:277)
at io.restassured.internal.common.assertion.AssertParameter.notNull(AssertParameter.groovy:26)
at io.restassured.internal.common.assertion.AssertParameter$notNull.callStatic(Unknown Source)
at io.restassured.internal.RequestSpecificationImpl.pathParam(RequestSpecificationImpl.groovy:515)
at endpoints.UserEndPoints.deleteEmployee(UserEndPoints.java:88)
at apitestcases.CreatePutDeleteTests.verifyDeleteEmployeeByID(CreatePutDeleteTests.java:162)
at java.base/java.util.ArrayList.forEach(ArrayList.java:1511)
... Removed 34 stack frames]]>
    </failure>
  </testcase> <!-- verifyDeleteEmployeeByID -->
</testsuite> <!-- Test_CRUD -->
